CRITICAL - 2022-07-31 21:18:33 --> Attempt to read property "id" on array
in APPPATH\Modules\Teacher_Dashboard\Views\Teacher_Dashboard.php on line 23.
 1 APPPATH\Modules\Teacher_Dashboard\Views\Teacher_Dashboard.php(23): CodeIgniter\Debug\Exceptions->errorHandler(2, 'Attempt to read property "id" on array', 'APPPATH\\Modules\\Teacher_Dashboard\\Views\\Teacher_Dashboard.php', 23)
 2 SYSTEMPATH\View\View.php(213): include('APPPATH\\Modules\\Teacher_Dashboard\\Views\\Teacher_Dashboard.php')
 3 SYSTEMPATH\View\View.php(216): CodeIgniter\View\View->CodeIgniter\View\{closure}()
 4 SYSTEMPATH\Common.php(1135): CodeIgniter\View\View->render('App\\Modules\\Teacher_Dashboard\\Views\\Teacher_Dashboard', [], true)
 5 APPPATH\Views\Dashboard\template.php(5): view('App\\Modules\\Teacher_Dashboard\\Views\\Teacher_Dashboard')
 6 SYSTEMPATH\View\View.php(213): include('APPPATH\\Views\\Dashboard\\template.php')
 7 SYSTEMPATH\View\View.php(216): CodeIgniter\View\View->CodeIgniter\View\{closure}()
 8 SYSTEMPATH\Common.php(1135): CodeIgniter\View\View->render('Dashboard/template', [], true)
 9 APPPATH\Modules\Teacher_Dashboard\Controllers\Teacher_Dashboard.php(34): view('Dashboard/template', [...])
10 SYSTEMPATH\CodeIgniter.php(896): App\Modules\Teacher_Dashboard\Controllers\Teacher_Dashboard->index()
11 SYSTEMPATH\CodeIgniter.php(466): CodeIgniter\CodeIgniter->runController(Object(App\Modules\Teacher_Dashboard\Controllers\Teacher_Dashboard))
12 SYSTEMPATH\CodeIgniter.php(349): CodeIgniter\CodeIgniter->handleRequest(null, Object(Config\Cache), false)
13 FCPATH\index.php(55): CodeIgniter\CodeIgniter->run()
CRITICAL - 2022-07-31 22:21:11 --> Class "App\Modules\Teacher_Dashboard\Models\WelcomeModel" not found
in APPPATH\Modules\Teacher_Dashboard\Controllers\Teacher_Dashboard.php on line 22.
 1 SYSTEMPATH\CodeIgniter.php(858): App\Modules\Teacher_Dashboard\Controllers\Teacher_Dashboard->__construct()
 2 SYSTEMPATH\CodeIgniter.php(457): CodeIgniter\CodeIgniter->createController()
 3 SYSTEMPATH\CodeIgniter.php(349): CodeIgniter\CodeIgniter->handleRequest(null, Object(Config\Cache), false)
 4 FCPATH\index.php(55): CodeIgniter\CodeIgniter->run()
CRITICAL - 2022-07-31 23:04:37 --> Undefined variable $row
in APPPATH\Modules\Teacher_Profile\Views\Teacher_Profile.php on line 16.
 1 APPPATH\Modules\Teacher_Profile\Views\Teacher_Profile.php(16): CodeIgniter\Debug\Exceptions->errorHandler(2, 'Undefined variable $row', 'APPPATH\\Modules\\Teacher_Profile\\Views\\Teacher_Profile.php', 16)
 2 SYSTEMPATH\View\View.php(213): include('APPPATH\\Modules\\Teacher_Profile\\Views\\Teacher_Profile.php')
 3 SYSTEMPATH\View\View.php(216): CodeIgniter\View\View->CodeIgniter\View\{closure}()
 4 SYSTEMPATH\Common.php(1135): CodeIgniter\View\View->render('App\\Modules\\Teacher_Profile\\Views\\Teacher_Profile', [], true)
 5 APPPATH\Views\Dashboard\template.php(5): view('App\\Modules\\Teacher_Profile\\Views\\Teacher_Profile')
 6 SYSTEMPATH\View\View.php(213): include('APPPATH\\Views\\Dashboard\\template.php')
 7 SYSTEMPATH\View\View.php(216): CodeIgniter\View\View->CodeIgniter\View\{closure}()
 8 SYSTEMPATH\Common.php(1135): CodeIgniter\View\View->render('Dashboard/template', [], true)
 9 APPPATH\Modules\Teacher_Profile\Controllers\Teacher_Profile.php(36): view('Dashboard/template', [...])
10 SYSTEMPATH\CodeIgniter.php(896): App\Modules\Teacher_Profile\Controllers\Teacher_Profile->index()
11 SYSTEMPATH\CodeIgniter.php(466): CodeIgniter\CodeIgniter->runController(Object(App\Modules\Teacher_Profile\Controllers\Teacher_Profile))
12 SYSTEMPATH\CodeIgniter.php(349): CodeIgniter\CodeIgniter->handleRequest(null, Object(Config\Cache), false)
13 FCPATH\index.php(55): CodeIgniter\CodeIgniter->run()
CRITICAL - 2022-07-31 23:04:47 --> Undefined variable $row
in APPPATH\Modules\Teacher_Profile\Views\Teacher_Profile.php on line 16.
 1 APPPATH\Modules\Teacher_Profile\Views\Teacher_Profile.php(16): CodeIgniter\Debug\Exceptions->errorHandler(2, 'Undefined variable $row', 'APPPATH\\Modules\\Teacher_Profile\\Views\\Teacher_Profile.php', 16)
 2 SYSTEMPATH\View\View.php(213): include('APPPATH\\Modules\\Teacher_Profile\\Views\\Teacher_Profile.php')
 3 SYSTEMPATH\View\View.php(216): CodeIgniter\View\View->CodeIgniter\View\{closure}()
 4 SYSTEMPATH\Common.php(1135): CodeIgniter\View\View->render('App\\Modules\\Teacher_Profile\\Views\\Teacher_Profile', [], true)
 5 APPPATH\Views\Dashboard\template.php(5): view('App\\Modules\\Teacher_Profile\\Views\\Teacher_Profile')
 6 SYSTEMPATH\View\View.php(213): include('APPPATH\\Views\\Dashboard\\template.php')
 7 SYSTEMPATH\View\View.php(216): CodeIgniter\View\View->CodeIgniter\View\{closure}()
 8 SYSTEMPATH\Common.php(1135): CodeIgniter\View\View->render('Dashboard/template', [], true)
 9 APPPATH\Modules\Teacher_Profile\Controllers\Teacher_Profile.php(36): view('Dashboard/template', [...])
10 SYSTEMPATH\CodeIgniter.php(896): App\Modules\Teacher_Profile\Controllers\Teacher_Profile->index()
11 SYSTEMPATH\CodeIgniter.php(466): CodeIgniter\CodeIgniter->runController(Object(App\Modules\Teacher_Profile\Controllers\Teacher_Profile))
12 SYSTEMPATH\CodeIgniter.php(349): CodeIgniter\CodeIgniter->handleRequest(null, Object(Config\Cache), false)
13 FCPATH\index.php(55): CodeIgniter\CodeIgniter->run()
