CRITICAL - 2022-08-01 00:22:21 --> Undefined variable $update_id
in APPPATH\Modules\Student_Dashboard\Views\create.php on line 21.
 1 APPPATH\Modules\Student_Dashboard\Views\create.php(21): CodeIgniter\Debug\Exceptions->errorHandler(2, 'Undefined variable $update_id', 'APPPATH\\Modules\\Student_Dashboard\\Views\\create.php', 21)
 2 SYSTEMPATH\View\View.php(213): include('APPPATH\\Modules\\Student_Dashboard\\Views\\create.php')
 3 SYSTEMPATH\View\View.php(216): CodeIgniter\View\View->CodeIgniter\View\{closure}()
 4 SYSTEMPATH\Common.php(1135): CodeIgniter\View\View->render('App\\Modules\\Student_Dashboard\\Views\\create', [], true)
 5 APPPATH\Views\Dashboard\template.php(5): view('App\\Modules\\Student_Dashboard\\Views\\create')
 6 SYSTEMPATH\View\View.php(213): include('APPPATH\\Views\\Dashboard\\template.php')
 7 SYSTEMPATH\View\View.php(216): CodeIgniter\View\View->CodeIgniter\View\{closure}()
 8 SYSTEMPATH\Common.php(1135): CodeIgniter\View\View->render('Dashboard/template', [], true)
 9 APPPATH\Modules\Student_Dashboard\Controllers\Student_Dashboard.php(88): view('Dashboard/template', [...])
10 SYSTEMPATH\CodeIgniter.php(896): App\Modules\Student_Dashboard\Controllers\Student_Dashboard->create()
11 SYSTEMPATH\CodeIgniter.php(466): CodeIgniter\CodeIgniter->runController(Object(App\Modules\Student_Dashboard\Controllers\Student_Dashboard))
12 SYSTEMPATH\CodeIgniter.php(349): CodeIgniter\CodeIgniter->handleRequest(null, Object(Config\Cache), false)
13 FCPATH\index.php(55): CodeIgniter\CodeIgniter->run()
CRITICAL - 2022-08-01 00:23:23 --> Undefined variable $action
in APPPATH\Modules\Student_Dashboard\Views\create.php on line 19.
 1 APPPATH\Modules\Student_Dashboard\Views\create.php(19): CodeIgniter\Debug\Exceptions->errorHandler(2, 'Undefined variable $action', 'APPPATH\\Modules\\Student_Dashboard\\Views\\create.php', 19)
 2 SYSTEMPATH\View\View.php(213): include('APPPATH\\Modules\\Student_Dashboard\\Views\\create.php')
 3 SYSTEMPATH\View\View.php(216): CodeIgniter\View\View->CodeIgniter\View\{closure}()
 4 SYSTEMPATH\Common.php(1135): CodeIgniter\View\View->render('App\\Modules\\Student_Dashboard\\Views\\create', [], true)
 5 APPPATH\Views\Dashboard\template.php(5): view('App\\Modules\\Student_Dashboard\\Views\\create')
 6 SYSTEMPATH\View\View.php(213): include('APPPATH\\Views\\Dashboard\\template.php')
 7 SYSTEMPATH\View\View.php(216): CodeIgniter\View\View->CodeIgniter\View\{closure}()
 8 SYSTEMPATH\Common.php(1135): CodeIgniter\View\View->render('Dashboard/template', [], true)
 9 APPPATH\Modules\Student_Dashboard\Controllers\Student_Dashboard.php(88): view('Dashboard/template', [...])
10 SYSTEMPATH\CodeIgniter.php(896): App\Modules\Student_Dashboard\Controllers\Student_Dashboard->create()
11 SYSTEMPATH\CodeIgniter.php(466): CodeIgniter\CodeIgniter->runController(Object(App\Modules\Student_Dashboard\Controllers\Student_Dashboard))
12 SYSTEMPATH\CodeIgniter.php(349): CodeIgniter\CodeIgniter->handleRequest(null, Object(Config\Cache), false)
13 FCPATH\index.php(55): CodeIgniter\CodeIgniter->run()
CRITICAL - 2022-08-01 00:33:33 --> Undefined variable $contact
in APPPATH\Modules\Student_Dashboard\Views\create.php on line 30.
 1 APPPATH\Modules\Student_Dashboard\Views\create.php(30): CodeIgniter\Debug\Exceptions->errorHandler(2, 'Undefined variable $contact', 'APPPATH\\Modules\\Student_Dashboard\\Views\\create.php', 30)
 2 SYSTEMPATH\View\View.php(213): include('APPPATH\\Modules\\Student_Dashboard\\Views\\create.php')
 3 SYSTEMPATH\View\View.php(216): CodeIgniter\View\View->CodeIgniter\View\{closure}()
 4 SYSTEMPATH\Common.php(1135): CodeIgniter\View\View->render('App\\Modules\\Student_Dashboard\\Views\\create', [], true)
 5 APPPATH\Views\Dashboard\template.php(5): view('App\\Modules\\Student_Dashboard\\Views\\create')
 6 SYSTEMPATH\View\View.php(213): include('APPPATH\\Views\\Dashboard\\template.php')
 7 SYSTEMPATH\View\View.php(216): CodeIgniter\View\View->CodeIgniter\View\{closure}()
 8 SYSTEMPATH\Common.php(1135): CodeIgniter\View\View->render('Dashboard/template', [], true)
 9 APPPATH\Modules\Student_Dashboard\Controllers\Student_Dashboard.php(88): view('Dashboard/template', [...])
10 SYSTEMPATH\CodeIgniter.php(896): App\Modules\Student_Dashboard\Controllers\Student_Dashboard->create()
11 SYSTEMPATH\CodeIgniter.php(466): CodeIgniter\CodeIgniter->runController(Object(App\Modules\Student_Dashboard\Controllers\Student_Dashboard))
12 SYSTEMPATH\CodeIgniter.php(349): CodeIgniter\CodeIgniter->handleRequest(null, Object(Config\Cache), false)
13 FCPATH\index.php(55): CodeIgniter\CodeIgniter->run()
CRITICAL - 2022-08-01 00:34:22 --> Undefined property: stdClass::$contact
in APPPATH\Modules\Student_Dashboard\Controllers\Student_Dashboard.php on line 100.
 1 APPPATH\Modules\Student_Dashboard\Controllers\Student_Dashboard.php(100): CodeIgniter\Debug\Exceptions->errorHandler(2, 'Undefined property: stdClass::$contact', 'APPPATH\\Modules\\Student_Dashboard\\Controllers\\Student_Dashboard.php', 100)
 2 APPPATH\Modules\Student_Dashboard\Controllers\Student_Dashboard.php(80): App\Modules\Student_Dashboard\Controllers\Student_Dashboard->fetch_data_from_db('1')
 3 SYSTEMPATH\CodeIgniter.php(896): App\Modules\Student_Dashboard\Controllers\Student_Dashboard->create()
 4 SYSTEMPATH\CodeIgniter.php(466): CodeIgniter\CodeIgniter->runController(Object(App\Modules\Student_Dashboard\Controllers\Student_Dashboard))
 5 SYSTEMPATH\CodeIgniter.php(349): CodeIgniter\CodeIgniter->handleRequest(null, Object(Config\Cache), false)
 6 FCPATH\index.php(55): CodeIgniter\CodeIgniter->run()
CRITICAL - 2022-08-01 00:36:02 --> Undefined variable $contact
in APPPATH\Modules\Student_Dashboard\Views\create.php on line 30.
 1 APPPATH\Modules\Student_Dashboard\Views\create.php(30): CodeIgniter\Debug\Exceptions->errorHandler(2, 'Undefined variable $contact', 'APPPATH\\Modules\\Student_Dashboard\\Views\\create.php', 30)
 2 SYSTEMPATH\View\View.php(213): include('APPPATH\\Modules\\Student_Dashboard\\Views\\create.php')
 3 SYSTEMPATH\View\View.php(216): CodeIgniter\View\View->CodeIgniter\View\{closure}()
 4 SYSTEMPATH\Common.php(1135): CodeIgniter\View\View->render('App\\Modules\\Student_Dashboard\\Views\\create', [], true)
 5 APPPATH\Views\Dashboard\template.php(5): view('App\\Modules\\Student_Dashboard\\Views\\create')
 6 SYSTEMPATH\View\View.php(213): include('APPPATH\\Views\\Dashboard\\template.php')
 7 SYSTEMPATH\View\View.php(216): CodeIgniter\View\View->CodeIgniter\View\{closure}()
 8 SYSTEMPATH\Common.php(1135): CodeIgniter\View\View->render('Dashboard/template', [], true)
 9 APPPATH\Modules\Student_Dashboard\Controllers\Student_Dashboard.php(88): view('Dashboard/template', [...])
10 SYSTEMPATH\CodeIgniter.php(896): App\Modules\Student_Dashboard\Controllers\Student_Dashboard->create()
11 SYSTEMPATH\CodeIgniter.php(466): CodeIgniter\CodeIgniter->runController(Object(App\Modules\Student_Dashboard\Controllers\Student_Dashboard))
12 SYSTEMPATH\CodeIgniter.php(349): CodeIgniter\CodeIgniter->handleRequest(null, Object(Config\Cache), false)
13 FCPATH\index.php(55): CodeIgniter\CodeIgniter->run()
CRITICAL - 2022-08-01 00:36:23 --> Undefined variable $contact
in APPPATH\Modules\Student_Dashboard\Views\create.php on line 30.
 1 APPPATH\Modules\Student_Dashboard\Views\create.php(30): CodeIgniter\Debug\Exceptions->errorHandler(2, 'Undefined variable $contact', 'APPPATH\\Modules\\Student_Dashboard\\Views\\create.php', 30)
 2 SYSTEMPATH\View\View.php(213): include('APPPATH\\Modules\\Student_Dashboard\\Views\\create.php')
 3 SYSTEMPATH\View\View.php(216): CodeIgniter\View\View->CodeIgniter\View\{closure}()
 4 SYSTEMPATH\Common.php(1135): CodeIgniter\View\View->render('App\\Modules\\Student_Dashboard\\Views\\create', [], true)
 5 APPPATH\Views\Dashboard\template.php(5): view('App\\Modules\\Student_Dashboard\\Views\\create')
 6 SYSTEMPATH\View\View.php(213): include('APPPATH\\Views\\Dashboard\\template.php')
 7 SYSTEMPATH\View\View.php(216): CodeIgniter\View\View->CodeIgniter\View\{closure}()
 8 SYSTEMPATH\Common.php(1135): CodeIgniter\View\View->render('Dashboard/template', [], true)
 9 APPPATH\Modules\Student_Dashboard\Controllers\Student_Dashboard.php(88): view('Dashboard/template', [...])
10 SYSTEMPATH\CodeIgniter.php(896): App\Modules\Student_Dashboard\Controllers\Student_Dashboard->create()
11 SYSTEMPATH\CodeIgniter.php(466): CodeIgniter\CodeIgniter->runController(Object(App\Modules\Student_Dashboard\Controllers\Student_Dashboard))
12 SYSTEMPATH\CodeIgniter.php(349): CodeIgniter\CodeIgniter->handleRequest(null, Object(Config\Cache), false)
13 FCPATH\index.php(55): CodeIgniter\CodeIgniter->run()
CRITICAL - 2022-08-01 00:36:28 --> Undefined variable $contact
in APPPATH\Modules\Student_Dashboard\Views\create.php on line 30.
 1 APPPATH\Modules\Student_Dashboard\Views\create.php(30): CodeIgniter\Debug\Exceptions->errorHandler(2, 'Undefined variable $contact', 'APPPATH\\Modules\\Student_Dashboard\\Views\\create.php', 30)
 2 SYSTEMPATH\View\View.php(213): include('APPPATH\\Modules\\Student_Dashboard\\Views\\create.php')
 3 SYSTEMPATH\View\View.php(216): CodeIgniter\View\View->CodeIgniter\View\{closure}()
 4 SYSTEMPATH\Common.php(1135): CodeIgniter\View\View->render('App\\Modules\\Student_Dashboard\\Views\\create', [], true)
 5 APPPATH\Views\Dashboard\template.php(5): view('App\\Modules\\Student_Dashboard\\Views\\create')
 6 SYSTEMPATH\View\View.php(213): include('APPPATH\\Views\\Dashboard\\template.php')
 7 SYSTEMPATH\View\View.php(216): CodeIgniter\View\View->CodeIgniter\View\{closure}()
 8 SYSTEMPATH\Common.php(1135): CodeIgniter\View\View->render('Dashboard/template', [], true)
 9 APPPATH\Modules\Student_Dashboard\Controllers\Student_Dashboard.php(88): view('Dashboard/template', [...])
10 SYSTEMPATH\CodeIgniter.php(896): App\Modules\Student_Dashboard\Controllers\Student_Dashboard->create()
11 SYSTEMPATH\CodeIgniter.php(466): CodeIgniter\CodeIgniter->runController(Object(App\Modules\Student_Dashboard\Controllers\Student_Dashboard))
12 SYSTEMPATH\CodeIgniter.php(349): CodeIgniter\CodeIgniter->handleRequest(null, Object(Config\Cache), false)
13 FCPATH\index.php(55): CodeIgniter\CodeIgniter->run()
CRITICAL - 2022-08-01 00:36:34 --> Undefined variable $contact
in APPPATH\Modules\Student_Dashboard\Views\create.php on line 30.
 1 APPPATH\Modules\Student_Dashboard\Views\create.php(30): CodeIgniter\Debug\Exceptions->errorHandler(2, 'Undefined variable $contact', 'APPPATH\\Modules\\Student_Dashboard\\Views\\create.php', 30)
 2 SYSTEMPATH\View\View.php(213): include('APPPATH\\Modules\\Student_Dashboard\\Views\\create.php')
 3 SYSTEMPATH\View\View.php(216): CodeIgniter\View\View->CodeIgniter\View\{closure}()
 4 SYSTEMPATH\Common.php(1135): CodeIgniter\View\View->render('App\\Modules\\Student_Dashboard\\Views\\create', [], true)
 5 APPPATH\Views\Dashboard\template.php(5): view('App\\Modules\\Student_Dashboard\\Views\\create')
 6 SYSTEMPATH\View\View.php(213): include('APPPATH\\Views\\Dashboard\\template.php')
 7 SYSTEMPATH\View\View.php(216): CodeIgniter\View\View->CodeIgniter\View\{closure}()
 8 SYSTEMPATH\Common.php(1135): CodeIgniter\View\View->render('Dashboard/template', [], true)
 9 APPPATH\Modules\Student_Dashboard\Controllers\Student_Dashboard.php(88): view('Dashboard/template', [...])
10 SYSTEMPATH\CodeIgniter.php(896): App\Modules\Student_Dashboard\Controllers\Student_Dashboard->create()
11 SYSTEMPATH\CodeIgniter.php(466): CodeIgniter\CodeIgniter->runController(Object(App\Modules\Student_Dashboard\Controllers\Student_Dashboard))
12 SYSTEMPATH\CodeIgniter.php(349): CodeIgniter\CodeIgniter->handleRequest(null, Object(Config\Cache), false)
13 FCPATH\index.php(55): CodeIgniter\CodeIgniter->run()
